<?xml version="1.0" encoding="UTF-8" ?>
<testsuite errors="0" failures="0" hostname="膜绿佳大佬" name="JumperTest" skipped="0" tests="6" time="0.193" timestamp="2018-04-19T07:56:30">
  <properties>
    <property name="java.vendor" value="Oracle Corporation" />
    <property name="sun.java.launcher" value="SUN_STANDARD" />
    <property name="env.XPC_SERVICE_NAME" value="org.eclipse.platform.ide.15324" />
    <property name="sun.management.compiler" value="HotSpot 64-Bit Tiered Compilers" />
    <property name="os.name" value="Mac OS X" />
    <property name="env.TMPDIR" value="/var/folders/2s/pq5wkghj3px_340mtp134m5c0000gn/T/" />
    <property name="java.vm.specification.vendor" value="Oracle Corporation" />
    <property name="ant.home" value="/Users/zjq/.p2/pool/plugins/org.apache.ant_1.10.1.v20170504-0840" />
    <property name="java.runtime.version" value="9.0.4+11" />
    <property name="env.Apple_PubSub_Socket_Render" value="/private/tmp/com.apple.launchd.CYuIgOudxU/Render" />
    <property name="env.JAVA_STARTED_ON_FIRST_THREAD_47361" value="1" />
    <property name="user.name" value="zjq" />
    <property name="env.USER" value="zjq" />
    <property name="env.SHELL" value="/bin/bash" />
    <property name="env.__CF_USER_TEXT_ENCODING" value="0x1F5:0x19:0x34" />
    <property name="env.PATH" value="/usr/bin:/bin:/usr/sbin:/sbin" />
    <property name="user.language" value="zh" />
    <property name="sun.boot.library.path" value="/Library/Java/JavaVirtualMachines/jdk-9.0.4.jdk/Contents/Home/lib" />
    <property name="ant.project.default-target" value="build" />
    <property name="env.XPC_FLAGS" value="0x0" />
    <property name="ant.project.name" value="projects" />
    <property name="java.vm.compressedOopsMode" value="Zero based" />
    <property name="java.version" value="9.0.4" />
    <property name="user.timezone" value="" />
    <property name="sun.arch.data.model" value="64" />
    <property name="sun.cpu.isalist" value="" />
    <property name="sun.jnu.encoding" value="UTF-8" />
    <property name="file.encoding.pkg" value="sun.io" />
    <property name="env.JAVA_MAIN_CLASS_47361" value="org.eclipse.ant.internal.launching.remote.InternalAntRunner" />
    <property name="file.separator" value="/" />
    <property name="java.specification.name" value="Java Platform API Specification" />
    <property name="java.class.version" value="53.0" />
    <property name="user.country" value="CN" />
    <property name="java.home" value="/Library/Java/JavaVirtualMachines/jdk-9.0.4.jdk/Contents/Home" />
    <property name="java.vm.info" value="mixed mode" />
    <property name="env.LOGNAME" value="zjq" />
    <property name="ant.file" value="/Users/zjq/Desktop/Landscape/阶段1：项目启动/gridworld/GridWorldCode/projects/build.xml" />
    <property name="os.version" value="10.13.4" />
    <property name="path.separator" value=":" />
    <property name="java.vm.version" value="9.0.4+11" />
    <property name="ant.library.dir" value="/Users/zjq/.p2/pool/plugins/org.apache.ant_1.10.1.v20170504-0840/lib" />
    <property name="junit.output.dir" value="junit" />
    <property name="java.awt.printerjob" value="sun.lwawt.macosx.CPrinterJob" />
    <property name="sun.io.unicode.encoding" value="UnicodeBig" />
    <property name="awt.toolkit" value="sun.lwawt.macosx.LWCToolkit" />
    <property name="ant.file.type.projects" value="file" />
    <property name="user.home" value="/Users/zjq" />
    <property name="target" value="9" />
    <property name="java.specification.vendor" value="Oracle Corporation" />
    <property name="java.library.path" value="/Users/zjq/Library/Java/Extensions:/Library/Java/Extensions:/Network/Library/Java/Extensions:/System/Library/Java/Extensions:/usr/lib/java:." />
    <property name="java.vendor.url" value="http://java.oracle.com/" />
    <property name="java.vm.vendor" value="Oracle Corporation" />
    <property name="gopherProxySet" value="false" />
    <property name="java.runtime.name" value="Java(TM) SE Runtime Environment" />
    <property name="ant.version" value="Apache Ant(TM) version 1.10.1 compiled on February 2 2017" />
    <property name="sun.java.command" value="org.apache.tools.ant.taskdefs.optional.junit.JUnitTestRunner JumperTest skipNonTests=false filtertrace=true haltOnError=false haltOnFailure=false formatter=org.apache.tools.ant.taskdefs.optional.junit.OutErrSummaryJUnitResultFormatter showoutput=false outputtoformatters=true logfailedtests=true threadid=0 logtestlistenerevents=false formatter=org.apache.tools.ant.taskdefs.optional.junit.XMLJUnitResultFormatter,/Users/zjq/Desktop/Landscape/阶段1：项目启动/gridworld/GridWorldCode/projects/junit/TEST-JumperTest.xml crashfile=/Users/zjq/Desktop/Landscape/阶段1：项目启动/gridworld/GridWorldCode/projects/junitvmwatcher2069690102903977803.properties propsfile=/Users/zjq/Desktop/Landscape/阶段1：项目启动/gridworld/GridWorldCode/projects/junit13390426699140113799.properties" />
    <property name="java.class.path" value="/Users/zjq/Desktop/Landscape/阶段1：项目启动/gridworld/GridWorldCode/projects/bin:/Users/zjq/.p2/pool/plugins/org.junit_4.12.0.v201504281640/junit.jar:/Users/zjq/.p2/pool/plugins/org.hamcrest.core_1.3.0.v201303031735.jar:/Users/zjq/Desktop/Landscape/阶段1：项目启动/gridworld/GridWorldCode/gridworld.jar:/Users/zjq/.p2/pool/plugins/org.apache.ant_1.10.1.v20170504-0840/lib/ant-launcher.jar:/Users/zjq/.p2/pool/plugins/org.apache.ant_1.10.1.v20170504-0840/lib/ant.jar:/Users/zjq/.p2/pool/plugins/org.apache.ant_1.10.1.v20170504-0840/lib/ant-junit.jar:/Users/zjq/.p2/pool/plugins/org.apache.ant_1.10.1.v20170504-0840/lib/ant-junit4.jar" />
    <property name="jdk.debug" value="release" />
    <property name="java.vm.specification.name" value="Java Virtual Machine Specification" />
    <property name="java.vm.specification.version" value="9" />
    <property name="sun.cpu.endian" value="little" />
    <property name="sun.os.patch.level" value="unknown" />
    <property name="debuglevel" value="source,lines,vars" />
    <property name="env.HOME" value="/Users/zjq" />
    <property name="env.ANT_HOME" value="/Users/zjq/.p2/pool/plugins/org.apache.ant_1.10.1.v20170504-0840" />
    <property name="java.io.tmpdir" value="/var/folders/2s/pq5wkghj3px_340mtp134m5c0000gn/T/" />
    <property name="java.vendor.url.bug" value="http://bugreport.java.com/bugreport/" />
    <property name="env.SSH_AUTH_SOCK" value="/private/tmp/com.apple.launchd.Xf9Q8C6CVz/Listeners" />
    <property name="os.arch" value="x86_64" />
    <property name="java.awt.graphicsenv" value="sun.awt.CGraphicsEnvironment" />
    <property name="user.dir" value="/Users/zjq/Desktop/Landscape/阶段1：项目启动/gridworld/GridWorldCode/projects" />
    <property name="line.separator" value="&#xa;" />
    <property name="java.vm.name" value="Java HotSpot(TM) 64-Bit Server VM" />
    <property name="env.APP_ICON_43210" value="../Resources/Eclipse.icns" />
    <property name="basedir" value="/Users/zjq/Desktop/Landscape/阶段1：项目启动/gridworld/GridWorldCode/projects" />
    <property name="ant.file.projects" value="/Users/zjq/Desktop/Landscape/阶段1：项目启动/gridworld/GridWorldCode/projects/build.xml" />
    <property name="ant.java.version" value="9" />
    <property name="ant.core.lib" value="/Users/zjq/.p2/pool/plugins/org.apache.ant_1.10.1.v20170504-0840/lib/ant.jar" />
    <property name="env.JAVA_STARTED_ON_FIRST_THREAD_43210" value="1" />
    <property name="source" value="9" />
    <property name="file.encoding" value="UTF-8" />
    <property name="java.specification.version" value="9" />
    <property name="ant.project.invoked-targets" value="build,JumperTest,junitreport" />
  </properties>
  <testcase classname="JumperTest" name="testA" time="0.038" />
  <testcase classname="JumperTest" name="testB" time="0.0" />
  <testcase classname="JumperTest" name="testC" time="0.0" />
  <testcase classname="JumperTest" name="testD" time="0.0" />
  <testcase classname="JumperTest" name="testE" time="0.0" />
  <testcase classname="JumperTest" name="testF" time="0.0" />
  <system-out><![CDATA[]]></system-out>
  <system-err><![CDATA[]]></system-err>
</testsuite>
